[debug] [2022-08-12T05:25:40.592Z] ----------------------------------------------------------------------
[debug] [2022-08-12T05:25:40.594Z] Command:       C:\Program Files\nodejs\node.exe C:\Users\leenl\AppData\Roaming\npm\node_modules\firebase-tools\lib\bin\firebase.js init
[debug] [2022-08-12T05:25:40.594Z] CLI Version:   11.6.0
[debug] [2022-08-12T05:25:40.594Z] Platform:      win32
[debug] [2022-08-12T05:25:40.595Z] Node Version:  v16.13.2
[debug] [2022-08-12T05:25:40.596Z] Time:          Fri Aug 12 2022 13:25:40 GMT+0800 (Singapore Standard Time)
[debug] [2022-08-12T05:25:40.596Z] ----------------------------------------------------------------------
[debug] 
[debug] [2022-08-12T05:25:40.666Z] > command requires scopes: ["email","openid","https://www.googleapis.com/auth/cloudplatformprojects.readonly","https://www.googleapis.com/auth/firebase","https://www.googleapis.com/auth/cloud-platform"]
[debug] [2022-08-12T05:25:40.666Z] > authorizing via signed-in user (yenyenlee9@gmail.com)
[info] 
     ######## #### ########  ######## ########     ###     ######  ########
     ##        ##  ##     ## ##       ##     ##  ##   ##  ##       ##
     ######    ##  ########  ######   ########  #########  ######  ######
     ##        ##  ##    ##  ##       ##     ## ##     ##       ## ##
     ##       #### ##     ## ######## ########  ##     ##  ######  ########

You're about to initialize a Firebase project in this directory:

  C:\Users\leenl\Desktop\google-clone

Before we get started, keep in mind:

  * You are initializing within an existing Firebase project directory

[info] 
=== Project Setup
[info] 
[info] First, let's associate this project directory with a Firebase project.
[info] You can create multiple project aliases by running firebase use --add, 
[info] but for now we'll just set up a default project.
[info] 
[debug] [2022-08-12T05:25:53.674Z] Using project from CLI flag: l-a882a
[debug] [2022-08-12T05:25:53.675Z] > refreshing access token with scopes: []
[debug] [2022-08-12T05:25:53.678Z] >>> [apiv2][query] POST https://www.googleapis.com/oauth2/v3/token [none]
[debug] [2022-08-12T05:25:53.678Z] >>> [apiv2][body] POST https://www.googleapis.com/oauth2/v3/token [omitted]
[debug] [2022-08-12T05:25:53.784Z] <<< [apiv2][status] POST https://www.googleapis.com/oauth2/v3/token 200
[debug] [2022-08-12T05:25:53.784Z] <<< [apiv2][body] POST https://www.googleapis.com/oauth2/v3/token [omitted]
[debug] [2022-08-12T05:25:53.809Z] >>> [apiv2][query] GET https://firebase.googleapis.com/v1beta1/projects/l-a882a [none]
[debug] [2022-08-12T05:25:54.120Z] <<< [apiv2][status] GET https://firebase.googleapis.com/v1beta1/projects/l-a882a 200
[debug] [2022-08-12T05:25:54.120Z] <<< [apiv2][body] GET https://firebase.googleapis.com/v1beta1/projects/l-a882a {"projectId":"l-a882a","projectNumber":"267645452785","displayName":"google-clone","name":"projects/l-a882a","resources":{"hostingSite":"l-a882a"},"state":"ACTIVE","etag":"1_2b5e0618-e552-496b-a999-567c2c1240db"}
[info] i  Using project l-a882a (google-clone) 
[info] 
=== Hosting Setup
[info] 
[info] Your public directory is the folder (relative to your project directory) that
[info] will contain Hosting assets to be uploaded with firebase deploy. If you
[info] have a build process for your assets, use your build's output directory.
[info] 
